697 4565 238
4486 7985 262
6354 6933 244
4669 679 238
5852 8839 262
9649 2214 262
2602 5020 238
7261 8971 252
1394 9872 262
4600 2948 238
546 6203 262
7704 2654 262
8132 880 262
5595 3152 238
718 5130 238
3523 9430 262
9749 4944 262
8914 1030 262
7022 3041 262
5936 605 238
272 5028 238
4203 2750 238
4962 1048 238
8355 7767 252
9550 338 262
8975 4381 262
6134 5074 236
7742 4552 262
6082 3688 238
891 9561 262
4674 3460 238
9676 5729 262
1815 9528 262
2643 6356 262
6 9784 262
9059 9864 260
7867 1438 262
1013 3992 238
2661 4848 238
3557 6573 262
5908 9261 262
6652 2064 262
7723 2547 262
8085 3884 262
774 3741 238
1034 6185 262
1467 3979 238
9263 2162 262
8718 384 262
4440 6668 262
8287 9918 260
4815 4085 215
5000 4019 215
1265 3502 217
3492 7653 262
8172 7138 252
586 5065 238
4181 5915 236
7882 2294 262
6704 4106 262
6511 2505 262
9828 6856 260
3361 3962 238
3124 1992 217
1586 3162 217
3774 8743 262
6989 4222 262
9298 1093 262
3027 7401 262
7247 7995 252
8647 2902 262
2515 4546 238
7051 5756 262
1653 7483 262
3653 3359 194
9262 9903 242
1527 5776 238
5041 6723 262
5782 3295 238
7162 1732 262
481 8451 262
5203 7251 262
84 943 179
660 1384 182
8683 2199 262
2748 9936 262
5109 7570 262
3341 4083 238
9581 3515 262
1407 5974 238
4801 3436 238
4643 5770 236
3489 2114 217
5855 9952 262
3182 8168 262
5343 3963 215
8496 4817 262
2190 7842 262
2635 793 209
7999 296 262
8571 5688 262
2053 5654 238
811 5653 238
9255 3166 262
8644 4996 262
1426 8066 262
3275 3680 194
5405 9293 262
2932 1329 217
4839 981 238
5158 7445 262
7465 8440 252
8384 3594 262
6623 6851 182
9053 4013 262
5897 203 238
5749 9361 262
4922 3053 238
1563 9114 262
944 7036 262
9456 2632 262
3838 5611 236
2466 3612 217
5630 4706 236
1393 9244 262
5266 6667 262
39 2582 209
5674 4519 236
2499 9931 262
7297 4729 262
1831 6681 262
3744 3005 238
1031 1958 182
760 6742 262
1337 6696 262
7597 8888 252
1830 1728 180
7147 3637 262
1718 8344 262
3605 7889 262
5349 764 238
8233 611 262
7495 9719 260
5939 7804 262
1218 6434 262
3504 7691 262
2515 5679 238
2840 7804 262
7647 242 262
7779 9969 260
437 885 179
2766 4892 238
822 2343 183
4918 4451 197
7983 5992 262
656 9011 262
9768 9966 242
4789 6459 262
5076 6221 262
9201 9816 260
9508 8722 260
7746 4897 262
8331 5170 262
4925 3854 215
4574 8094 262
7878 4983 262
6812 3448 262
5734 1560 238
5287 2746 238
6813 8306 257
6460 3179 262
85 6221 262
8041 8344 203
6650 606 262
2003 1101 182
4180 4655 215
2873 132 209
4966 2552 238
2432 3738 238
6167 2343 238
3519 3072 199
5488 6195 262
2408 7233 262
9981 1680 262
8312 9325 260
6059 6098 156
4128 2424 238
8735 5452 262
3095 3731 238
8283 7571 252
1905 2224 183
525 9450 262
9355 1920 262
2772 7901 262
2428 311 183
2614 7476 262
9575 436 262
3148 7806 262
7523 9137 252
4733 6857 262
3168 1246 217
7653 4422 262
2293 5728 238
6553 6490 200
2657 9933 262
9713 4093 262
7736 8890 252
8185 8491 234
9825 5156 262
195 7604 262
9633 4225 262
7609 9337 260
6998 1915 262
7704 6849 257
3204 3799 238
1225 2425 183
9153 3786 262
9479 9130 260
583 1860 182
8014 7046 252
1830 2218 175
2180 4088 238
9997 9804 242
7738 2859 262
1335 7751 262
9101 7595 252
2715 142 209
2873 970 209
6622 7442 257
1073 8383 262
2368 7509 262
509 4408 238
7677 2862 262
1486 1741 180
8486 9691 260
2297 3288 217
9325 748 262
8798 565 262
6699 7727 257
7603 8785 252
999 6843 262
6285 602 262
3373 6473 262
122 6159 238
8155 792 262
4407 5895 236
206 8519 262
1205 4730 238
4300 4334 171
7373 6765 257
9363 4868 262
7974 1310 262
6193 9013 257
7775 4101 262
73 711 171
1031 2861 209
5716 3854 236
4058 5017 215
9417 3520 262
5334 8738 262
9514 8401 260
5446 3094 238
5968 8839 262
7808 2028 262
9789 2426 262
2729 4832 238
637 2426 183
6483 7149 257
8740 3622 262
2979 3006 142
1780 4707 238
6188 4027 262
6406 6367 200
8004 2081 262
2531 1492 209
5118 8789 262
5622 4251 236
1149 4246 238
3910 3871 176
4968 9289 262
9255 6042 262
3859 7326 262
2989 2014 217
6333 6630 244
2789 9278 262
9721 990 262
8194 214 262
1839 1983 175
7760 7599 177
2512 3632 217
9071 7949 252
9150 5540 262
1538 5705 238
5633 8320 262
7178 5022 262
6448 3879 262
3683 762 217
342 8801 262
1017 2513 209
6192 1855 262
8238 7477 252
3224 4175 238
8805 4085 262
6318 6120 262
365 9739 262
4288 8526 262
4891 7825 262
9926 7861 260
90 1861 182
3172 933 217
4857 6189 262
3987 8294 262
176 9839 262
9716 7916 260
9660 961 262
6989 5613 262
2037 67 182
3150 1748 217
1993 6949 262
1742 957 182
4282 1120 238
4328 8378 262
6435 1828 262
92 9577 262
2579 4118 238
947 5139 238
2075 7144 262
1650 8667 262
6224 3829 262
3701 8616 262
8777 9113 247
6474 9928 260
7563 8032 252
9457 6357 260
2806 6797 262
2130 2759 209
2982 8046 262
9762 7913 260
4668 8370 262
6203 6082 262
4513 437 238
4949 2235 238
5438 3555 238
4119 1216 238
4009 7601 262
1534 8259 262
9580 124 262
4025 6618 262
7612 2788 262
3565 8838 262
3266 6408 262
4092 4447 215
2945 3380 199
9594 1015 262
4860 3101 238
8781 6706 257
8090 9556 260
523 1567 182
3248 8801 262
2289 4964 238
7925 6441 257
4047 7244 262
9301 3268 262
8702 3575 262
360 2789 209
2779 8795 262
9257 4598 262
8874 32 262
9487 5589 262
5220 4456 210
8707 9946 260
8219 6441 257
7645 316 262
4733 4939 210
7983 5372 262
1280 911 182
9193 8209 247
1036 4076 238
5435 3853 215
9203 3655 262
5743 3869 236
2767 5231 238
4070 3540 238
5446 4713 210
5975 3909 236
5336 8972 262
5638 2181 238
2162 8848 262
966 7690 262
4844 4633 197
7714 9582 260
7312 7370 195
2325 9254 262
9721 8048 260
6630 32 262
5716 310 238
168 7514 262
5758 9001 262
9742 8689 260
6312 4466 262
1469 9777 262
450 9620 262
9288 562 262
540 7508 262
1518 6773 262
5472 3845 215
9689 5561 262
253 8052 262
726 6468 262
3398 5120 238
3014 4881 238
1599 5233 238
3353 9238 262
9664 569 262
2018 1431 180
4391 21 238
7311 1054 262
4563 4679 184
5761 7189 262
1712 869 182
8770 1404 262
2367 6701 262
5157 1725 238
2216 8831 262
1 6119 238
9608 2571 262
8037 3977 262
4456 6360 262
4423 1387 238
6646 9437 260
7571 364 262
8630 3701 262
882 9031 262
4205 2678 238
6078 4630 236
124 357 144
3551 2416 217
7873 8998 252
3111 4346 238
8727 788 262
3586 6779 262
1076 8930 262
4239 5504 215
8370 7536 252
1914 5537 238
8487 8873 216
4481 9020 262
3516 6378 262
9788 352 262
818 7396 262
3268 8461 262
5565 5271 205
375 995 179
1027 5299 238
3451 8516 262
3180 4385 238
5222 6286 262
1237 4657 238
960 5695 238
2962 7102 262
4538 4137 215
8291 5946 262
2541 251 209
8579 7143 252
1867 9678 262
8310 3561 262
7771 8894 252
4224 2172 238
4329 2862 238
6328 8557 257
2161 8107 262
7970 7834 252
2054 3382 217
5630 5840 218
3615 7271 262
3459 3540 181
6713 7708 257
6946 8073 252
7950 2327 262
5401 3327 238
4014 8732 262
9912 4513 262
9889 4180 262
3375 4313 238
6131 1228 238
2563 220 209
102 686 145
1366 6955 262
8083 917 262
401 9598 262
4570 7056 262
5488 2487 238
7187 4218 262
7180 581 262
3219 4358 238
6753 7562 257
7841 2508 262
7371 295 262
4779 5801 236
5423 1824 238
8729 1699 262
5790 7850 262
6772 8062 257
8701 1622 262
6608 2992 262
401 5087 238
5076 7360 262
1673 3977 238
2971 1728 217
9128 636 262
823 1111 179
9610 7107 260
3518 7882 262
7053 2998 262
2135 2346 183
708 6998 262
9481 2204 262
8782 2852 262
9518 2002 262
62 6641 262
4799 411 238
3538 8327 262
1471 5749 238
799 1215 182
5857 9120 262
4588 270 238
4999 5788 236
9825 8094 260
1141 6835 262
9119 8528 247
9086 3054 262
9353 1306 262
7799 589 262
699 9669 262
9766 1962 262
3565 2874 217
7955 8075 252
28 7873 262
973 8587 262
7668 7993 252
6306 8820 257
1797 6553 262
7171 9313 260
3180 1908 217
3939 1267 238
5311 7865 262
6500 2733 262
8460 8967 247
358 666 145
1331 7000 262
4730 2143 238
3849 9722 262
7091 1211 262
8990 7947 252
2218 8827 262
7464 3997 262
9750 7701 260
7498 680 262
3830 1416 238
9787 3090 262
1977 2496 209
1 9588 262
8707 82 262
6458 9424 260
239 6238 262
2466 351 209
8029 5745 262
621 4186 238
2985 4909 238
7719 7638 177
5942 6297 262
8264 6866 257
6415 9996 260
1751 9836 262
5125 6306 262
5916 5106 236
7747 5200 262
468 6021 238
9114 1569 262
1967 5565 238
5088 771 238
1968 9618 262
4225 6921 262
4756 5216 210
5653 4856 236
4387 8514 262
3901 9239 262
9095 2210 262
4951 619 238
2101 6234 262
9116 1767 262
6920 6078 262
2359 727 183
1227 8114 262
9986 4159 262
4827 4815 166
9167 4944 262
5443 9592 262
8256 1505 262
6993 8451 252
3134 9418 262
8386 7719 252
2161 6967 262
7339 6731 257
2482 3444 217
9615 8001 260
9685 1393 262
8224 2332 262
940 4338 238
7957 7031 239
7988 4169 262
3618 8155 262
2899 5211 238
9931 6014 262
7322 5563 262
3741 8373 262
42 9454 262
2721 6028 238
8181 5888 262
536 3900 238
1276 5316 238
8794 8628 216
5410 2776 238
9502 3779 262
37 7288 262
332 562 142
946 7248 262
9356 8822 260
6784 4246 262
31 7375 262
3705 7026 262
2729 5165 238
1238 6998 262
6071 5908 187
1441 3009 217
3901 6391 262
8129 8023 190
547 83 144
8643 4705 262
8367 3072 262
7359 5091 262
3213 807 217
5213 1807 238
7242 3479 262
785 9827 262
4032 730 238
2416 7443 262
9867 3084 262
4943 9201 262
6890 6141 262
2829 667 209
3284 1321 217
6019 5642 218
885 5041 238
6143 8604 262
9000 994 262
8960 228 262
1988 3502 217
9095 329 262
2239 6049 238
4501 2431 238
4586 6459 262
4228 8330 262
2105 3535 217
4384 3332 238
842 8021 262
6549 5224 262
9816 5857 262
4844 5178 210
9386 4330 262
7162 2043 262
3865 8077 262
7427 5400 262
2213 6174 262
1749 5997 238
949 5480 238
5979 7935 262
6031 9448 262
5810 4990 236
1058 7407 262
4254 4307 202
8798 416 262
8462 3426 262
8157 3456 262
6068 8812 262
7752 5882 262
1914 1398 180
4953 2992 238
6843 2417 262
4740 4821 197
4158 5432 215
5281 2818 238
7775 4624 262
137 3989 238
8248 2259 262
9656 4918 262
8153 3182 262
1034 2084 182
2036 5378 238
1507 4586 238
1962 6064 238
1302 6003 238
5182 7183 262
815 7444 262
7394 2687 262
1061 5400 238
4026 105 238
3549 3527 150
7266 1290 262
4987 675 238
8033 6230 257
7807 8523 252
4949 6163 236
2334 1849 183
242 6841 262
898 8000 262
7999 8134 190
7156 3450 262
8217 6890 257
2099 4549 238
1440 7102 262
1475 2467 209
4264 7605 262
2066 9413 262
4888 9514 262
2523 5502 238
538 7026 262
6193 218 262
7932 5026 262
7670 5288 262
2590 2795 191
6282 3204 262
9033 5888 262
5330 868 238
6519 4181 262
8076 960 262
5630 6225 262
2141 6448 262
5156 2653 238
271 4377 238
4474 5519 210
5694 5123 236
1107 7118 262
747 1064 179
3886 5688 236
9444 4955 262
4299 2207 238
5833 5216 236
3518 931 217
93 9625 262
5066 4998 179
3008 8259 262
5003 3339 238
6089 6576 262
3901 7279 262
510 7547 262
2947 9240 262
5246 8684 262
5366 76 238
371 9715 262
3499 6234 262
2778 2532 191
8064 9243 247
376 9773 262
1328 4475 238
9457 3377 262
3854 9477 262
2024 9039 262
3545 1907 217
5156 3769 215
8173 3754 262
2916 29 209
4043 4807 215
9666 369 262
1970 4534 238
9805 2276 262
4501 4230 215
7757 2852 262
7481 2845 262
6857 56 262
3337 4107 238
881 2372 183
7072 8768 252
2269 1068 183
4070 2122 238
1652 7827 262
1912 3879 238
6148 2733 238
481 217 144
9088 5419 262
5378 4963 192
6727 9896 260
9839 8533 260
180 3193 217
4812 9533 262
2016 9177 262
9431 8741 260
3988 3834 189
522 2745 209
4260 6387 262
379 4037 238
6283 8267 257
2784 5288 238
126 725 171
7974 9166 247
3048 807 217
751 788 153
2415 4645 238
767 1046 179
1456 5809 238
4153 6079 236
1826 6052 238
9970 2830 262
6260 7452 257
2926 2753 217
1442 7477 262
144 1519 182
5962 6800 262
5099 1059 238
1138 686 179
7477 4337 262
5808 5258 236
9248 3206 262
4036 1480 238
7991 7571 252
7781 1499 262
5024 3832 215
101 1269 182
5183 9721 262
3583 3860 238
5363 736 238
8869 7907 252
6914 9242 257
6862 7588 257
7503 5877 262
3944 9206 262
5725 6690 262
6111 3427 238
9173 8236 247
5630 8430 262
3033 2195 217
192 6743 262
149 1943 182
4593 1017 238
5325 2737 238
4751 3615 238
8452 39 262
6135 2670 238
621 5425 238
8826 2554 262
1928 2771 209
6211 5475 262
5127 8982 262
1573 2927 217
8292 5060 262
6627 5939 262
4477 3020 238
9256 8554 247
9978 7754 260
1788 5278 238
2243 7649 262
6322 8370 257
9896 7988 260
3449 6658 262
1325 7476 262
8521 791 262
4738 3959 215
4031 4092 158
3880 3065 238
1721 6715 262
9402 2601 262
6714 4044 262
7472 4535 262
8152 6652 257
5564 8760 262
1746 5572 238
2033 2813 209
4924 8437 262
3255 9161 262
2742 3808 238
4338 307 238
8495 6194 257
2980 304 217
3167 9169 262
4648 7880 262
1032 9548 262
7645 8104 252
2241 1958 183
7200 7791 239
845 8229 262
4602 7855 262
4802 7507 262
1556 5206 238
1098 7841 262
9867 1399 262
1632 9765 262
2834 6051 238
2047 1576 180
9525 3427 262
8945 5295 262
8095 2286 262
9524 8282 260
5467 6518 262
6308 3699 262
2642 5509 238
5843 7611 262
1775 6734 262
8171 220 262
8843 7853 252
4244 7431 262
9830 9420 198
5682 4379 236
8409 5433 262
2649 3041 217
1045 8629 262
7434 3932 262
650 6984 262
2546 2753 191
1861 3065 217
3966 4714 215
1416 167 182
1917 2751 209
5067 6572 262
6580 3384 262
5867 7968 262
3721 9852 262
5130 2122 238
8774 5774 262
4120 7210 262
6443 569 262
3085 4942 238
2225 5583 238
5223 3680 238
7036 4970 262
9863 8595 260
4798 8273 262
2138 4770 238
469 3585 217
7163 2663 262
3365 5246 238
7097 2414 262
1041 8955 262
4534 529 238
5615 4526 236
8132 2228 262
5673 3316 238
3410 4004 238
1057 7652 262
9239 5283 262
2787 8028 262
4787 9935 262
2486 386 209
4605 5550 210
7119 1796 262
9961 2005 262
6236 7604 257
4218 6209 262
5036 8157 262
8565 5497 262
8528 6929 257
829 4990 238
9074 9953 260
2506 5808 238
8274 9397 260
6424 4687 262
44 671 145
2139 9897 262
106 3601 217
1474 1579 154
7994 8293 190
476 4293 238
5676 5321 236
9220 4001 262
2959 4561 238
838 4492 238
5940 3338 238
6956 3878 262
1180 3459 217
3784 4930 215
6120 2371 238
7602 3234 262
3692 3222 194
1597 1483 167
5005 8993 262
2825 5553 238
1011 1999 182
4292 1939 238
8130 1866 262
9309 7565 260
764 7071 262
3502 5167 238
1740 9485 262
4009 7722 262
7055 2580 262
5862 6893 262
9343 7410 260
469 8057 262
1911 4234 238
8465 1192 262
6590 5656 262
